
                                      ARENA Simulation Results
                           espinozaagustin42@gmail.com - License: STUDENT

                                  Summary for Replication 1 of 1

Project: Unnamed Project                                             Run execution date : 2/17/2023
Analyst: espinozaagustin42@gmail.com                                 Model revision date: 2/17/2023

Replication ended at time      : 200.0 Minutes 
Base Time Units: Minutes

                                           TALLY VARIABLES

Identifier                                  Average   Half Width  Minimum    Maximum   Observations
___________________________________________________________________________________________________

Patient.VATime                              41.564     (Insuf)    13.707     66.610         13    
Patient.NVATime                             .00000     (Insuf)    .00000     .00000         13    
Patient.WaitTime                            34.242     (Insuf)    .00000     68.767         13    
Patient.TranTime                            .00000     (Insuf)    .00000     .00000         13    
Patient.OtherTime                           .00000     (Insuf)    .00000     .00000         13    
Patient.TotalTime                           75.806     (Insuf)    21.229     110.59         13    
Registration Process.Queue.WaitingTime      35.177     (Insuf)    .00000     56.372         17    
Examination Process.Queue.WaitingTime       2.2183     (Insuf)    .00000     14.423         14    

                                     DISCRETE-CHANGE VARIABLES

Identifier                                  Average   Half Width  Minimum    Maximum   Final Value
___________________________________________________________________________________________________

Patient.WIP                                 6.3933     (Insuf)    .00000     8.0000     7.0000    
Doctor.NumberBusy                           2.0630     (Insuf)    .00000     3.0000     3.0000    
Doctor.NumberScheduled                      3.0000     (Insuf)    3.0000     3.0000     3.0000    
Doctor.Utilization                          .68767     (Insuf)    .00000     1.0000     1.0000    
Registration Time.NumberBusy                1.0000     (Insuf)    .00000     1.0000     1.0000    
Registration Time.NumberScheduled           1.0000     (Insuf)    1.0000     1.0000     1.0000    
Registration Time.Utilization               1.0000     (Insuf)    .00000     1.0000     1.0000    
Registration Process.Queue.NumberInQueue    3.1750     (Insuf)    .00000     5.0000     3.0000    
Examination Process.Queue.NumberInQueue     .15529     (Insuf)    .00000     2.0000     .00000    

                                             OUTPUTS

Identifier                                   Value
_____________________________________________________________

Patient.NumberIn                            20.000    
Patient.NumberOut                           13.000    
Doctor.NumberSeized                         14.000    
Doctor.ScheduledUtilization                 .68767    
Registration Time.NumberSeized              17.000    
Registration Time.ScheduledUtilization      1.0000    
System.NumberOut                            13.000    


Simulation run time: 0.02 minutes.
Simulation run complete.
