
                                      ARENA Simulation Results
                           espinozaagustin42@gmail.com - License: STUDENT

                                  Summary for Replication 1 of 20

Project: One in a miliion can happen                                 Run execution date : 2/27/2023
Analyst: Kelton                                                      Model revision date: 2/27/2023

Replication ended at time      : 999999.0 Hours 
Base Time Units: Hours

                                             COUNTERS

Identifier                                    Count   Limit
_____________________________________________________________

Negative Observations                             0  Infinite
Nonnegative Observations                    1000000  Infinite

Beginning replication 2 of 20

                                      ARENA Simulation Results
                           espinozaagustin42@gmail.com - License: STUDENT

                                  Summary for Replication 2 of 20

Project: One in a miliion can happen                                 Run execution date : 2/27/2023
Analyst: Kelton                                                      Model revision date: 2/27/2023

Replication ended at time      : 999999.0 Hours 
Base Time Units: Hours

                                             COUNTERS

Identifier                                    Count   Limit
_____________________________________________________________

Negative Observations                             0  Infinite
Nonnegative Observations                    1000000  Infinite

Beginning replication 3 of 20

                                      ARENA Simulation Results
                           espinozaagustin42@gmail.com - License: STUDENT

                                  Summary for Replication 3 of 20

Project: One in a miliion can happen                                 Run execution date : 2/27/2023
Analyst: Kelton                                                      Model revision date: 2/27/2023

Replication ended at time      : 999999.0 Hours 
Base Time Units: Hours

                                             COUNTERS

Identifier                                    Count   Limit
_____________________________________________________________

Negative Observations                             0  Infinite
Nonnegative Observations                    1000000  Infinite

Beginning replication 4 of 20

                                      ARENA Simulation Results
                           espinozaagustin42@gmail.com - License: STUDENT

                                  Summary for Replication 4 of 20

Project: One in a miliion can happen                                 Run execution date : 2/27/2023
Analyst: Kelton                                                      Model revision date: 2/27/2023

Replication ended at time      : 999999.0 Hours 
Base Time Units: Hours

                                             COUNTERS

Identifier                                    Count   Limit
_____________________________________________________________

Negative Observations                             0  Infinite
Nonnegative Observations                    1000000  Infinite

Beginning replication 5 of 20

                                      ARENA Simulation Results
                           espinozaagustin42@gmail.com - License: STUDENT

                                  Summary for Replication 5 of 20

Project: One in a miliion can happen                                 Run execution date : 2/27/2023
Analyst: Kelton                                                      Model revision date: 2/27/2023

Replication ended at time      : 999999.0 Hours 
Base Time Units: Hours

                                             COUNTERS

Identifier                                    Count   Limit
_____________________________________________________________

Negative Observations                             0  Infinite
Nonnegative Observations                    1000000  Infinite

Beginning replication 6 of 20

                                      ARENA Simulation Results
                           espinozaagustin42@gmail.com - License: STUDENT

                                  Summary for Replication 6 of 20

Project: One in a miliion can happen                                 Run execution date : 2/27/2023
Analyst: Kelton                                                      Model revision date: 2/27/2023

Replication ended at time      : 999999.0 Hours 
Base Time Units: Hours

                                             COUNTERS

Identifier                                    Count   Limit
_____________________________________________________________

Negative Observations                             2  Infinite
Nonnegative Observations                     999998  Infinite

Beginning replication 7 of 20

                                      ARENA Simulation Results
                           espinozaagustin42@gmail.com - License: STUDENT

                                  Summary for Replication 7 of 20

Project: One in a miliion can happen                                 Run execution date : 2/27/2023
Analyst: Kelton                                                      Model revision date: 2/27/2023

Replication ended at time      : 999999.0 Hours 
Base Time Units: Hours

                                             COUNTERS

Identifier                                    Count   Limit
_____________________________________________________________

Negative Observations                             1  Infinite
Nonnegative Observations                     999999  Infinite

Beginning replication 8 of 20

                                      ARENA Simulation Results
                           espinozaagustin42@gmail.com - License: STUDENT

                                  Summary for Replication 8 of 20

Project: One in a miliion can happen                                 Run execution date : 2/27/2023
Analyst: Kelton                                                      Model revision date: 2/27/2023

Replication ended at time      : 999999.0 Hours 
Base Time Units: Hours

                                             COUNTERS

Identifier                                    Count   Limit
_____________________________________________________________

Negative Observations                             0  Infinite
Nonnegative Observations                    1000000  Infinite

Beginning replication 9 of 20

                                      ARENA Simulation Results
                           espinozaagustin42@gmail.com - License: STUDENT

                                  Summary for Replication 9 of 20

Project: One in a miliion can happen                                 Run execution date : 2/27/2023
Analyst: Kelton                                                      Model revision date: 2/27/2023

Replication ended at time      : 999999.0 Hours 
Base Time Units: Hours

                                             COUNTERS

Identifier                                    Count   Limit
_____________________________________________________________

Negative Observations                             2  Infinite
Nonnegative Observations                     999998  Infinite

Beginning replication 10 of 20

                                      ARENA Simulation Results
                           espinozaagustin42@gmail.com - License: STUDENT

                                  Summary for Replication 10 of 20

Project: One in a miliion can happen                                 Run execution date : 2/27/2023
Analyst: Kelton                                                      Model revision date: 2/27/2023

Replication ended at time      : 999999.0 Hours 
Base Time Units: Hours

                                             COUNTERS

Identifier                                    Count   Limit
_____________________________________________________________

Negative Observations                             0  Infinite
Nonnegative Observations                    1000000  Infinite

Beginning replication 11 of 20

                                      ARENA Simulation Results
                           espinozaagustin42@gmail.com - License: STUDENT

                                  Summary for Replication 11 of 20

Project: One in a miliion can happen                                 Run execution date : 2/27/2023
Analyst: Kelton                                                      Model revision date: 2/27/2023

Replication ended at time      : 999999.0 Hours 
Base Time Units: Hours

                                             COUNTERS

Identifier                                    Count   Limit
_____________________________________________________________

Negative Observations                             1  Infinite
Nonnegative Observations                     999999  Infinite

Beginning replication 12 of 20

                                      ARENA Simulation Results
                           espinozaagustin42@gmail.com - License: STUDENT

                                  Summary for Replication 12 of 20

Project: One in a miliion can happen                                 Run execution date : 2/27/2023
Analyst: Kelton                                                      Model revision date: 2/27/2023

Replication ended at time      : 999999.0 Hours 
Base Time Units: Hours

                                             COUNTERS

Identifier                                    Count   Limit
_____________________________________________________________

Negative Observations                             2  Infinite
Nonnegative Observations                     999998  Infinite

Beginning replication 13 of 20

                                      ARENA Simulation Results
                           espinozaagustin42@gmail.com - License: STUDENT

                                  Summary for Replication 13 of 20

Project: One in a miliion can happen                                 Run execution date : 2/27/2023
Analyst: Kelton                                                      Model revision date: 2/27/2023

Replication ended at time      : 999999.0 Hours 
Base Time Units: Hours

                                             COUNTERS

Identifier                                    Count   Limit
_____________________________________________________________

Negative Observations                             2  Infinite
Nonnegative Observations                     999998  Infinite

Beginning replication 14 of 20

                                      ARENA Simulation Results
                           espinozaagustin42@gmail.com - License: STUDENT

                                  Summary for Replication 14 of 20

Project: One in a miliion can happen                                 Run execution date : 2/27/2023
Analyst: Kelton                                                      Model revision date: 2/27/2023

Replication ended at time      : 999999.0 Hours 
Base Time Units: Hours

                                             COUNTERS

Identifier                                    Count   Limit
_____________________________________________________________

Negative Observations                             0  Infinite
Nonnegative Observations                    1000000  Infinite

Beginning replication 15 of 20

                                      ARENA Simulation Results
                           espinozaagustin42@gmail.com - License: STUDENT

                                  Summary for Replication 15 of 20

Project: One in a miliion can happen                                 Run execution date : 2/27/2023
Analyst: Kelton                                                      Model revision date: 2/27/2023

Replication ended at time      : 999999.0 Hours 
Base Time Units: Hours

                                             COUNTERS

Identifier                                    Count   Limit
_____________________________________________________________

Negative Observations                             1  Infinite
Nonnegative Observations                     999999  Infinite

Beginning replication 16 of 20

                                      ARENA Simulation Results
                           espinozaagustin42@gmail.com - License: STUDENT

                                  Summary for Replication 16 of 20

Project: One in a miliion can happen                                 Run execution date : 2/27/2023
Analyst: Kelton                                                      Model revision date: 2/27/2023

Replication ended at time      : 999999.0 Hours 
Base Time Units: Hours

                                             COUNTERS

Identifier                                    Count   Limit
_____________________________________________________________

Negative Observations                             0  Infinite
Nonnegative Observations                    1000000  Infinite

Beginning replication 17 of 20

                                      ARENA Simulation Results
                           espinozaagustin42@gmail.com - License: STUDENT

                                  Summary for Replication 17 of 20

Project: One in a miliion can happen                                 Run execution date : 2/27/2023
Analyst: Kelton                                                      Model revision date: 2/27/2023

Replication ended at time      : 999999.0 Hours 
Base Time Units: Hours

                                             COUNTERS

Identifier                                    Count   Limit
_____________________________________________________________

Negative Observations                             1  Infinite
Nonnegative Observations                     999999  Infinite

Beginning replication 18 of 20

                                      ARENA Simulation Results
                           espinozaagustin42@gmail.com - License: STUDENT

                                  Summary for Replication 18 of 20

Project: One in a miliion can happen                                 Run execution date : 2/27/2023
Analyst: Kelton                                                      Model revision date: 2/27/2023

Replication ended at time      : 999999.0 Hours 
Base Time Units: Hours

                                             COUNTERS

Identifier                                    Count   Limit
_____________________________________________________________

Negative Observations                             1  Infinite
Nonnegative Observations                     999999  Infinite

Beginning replication 19 of 20

                                      ARENA Simulation Results
                           espinozaagustin42@gmail.com - License: STUDENT

                                  Summary for Replication 19 of 20

Project: One in a miliion can happen                                 Run execution date : 2/27/2023
Analyst: Kelton                                                      Model revision date: 2/27/2023

Replication ended at time      : 999999.0 Hours 
Base Time Units: Hours

                                             COUNTERS

Identifier                                    Count   Limit
_____________________________________________________________

Negative Observations                             0  Infinite
Nonnegative Observations                    1000000  Infinite

Beginning replication 20 of 20

                                      ARENA Simulation Results
                           espinozaagustin42@gmail.com - License: STUDENT

                                  Summary for Replication 20 of 20

Project: One in a miliion can happen                                 Run execution date : 2/27/2023
Analyst: Kelton                                                      Model revision date: 2/27/2023

Replication ended at time      : 999999.0 Hours 
Base Time Units: Hours

                                             COUNTERS

Identifier                                    Count   Limit
_____________________________________________________________

Negative Observations                             0  Infinite
Nonnegative Observations                    1000000  Infinite


Simulation run time: 0.95 minutes.
Simulation run complete.
